<?xml version="1.0" encoding="UTF-8"?>
<testsuite name="CategoryTest" tests="7" skipped="0" failures="0" errors="0" timestamp="2015-08-31T23:08:51" hostname="epicodus-111.local" time="0.147">
  <properties/>
  <testcase name="equals_returnsTrueIfNamesAretheSame" classname="CategoryTest" time="0.009"/>
  <testcase name="getTasks_returnsAllTasks_ArrayList" classname="CategoryTest" time="0.03"/>
  <testcase name="delete_deletesAllTasksAndListsAssoicationes" classname="CategoryTest" time="0.031"/>
  <testcase name="all_emptyAtFirst" classname="CategoryTest" time="0.009"/>
  <testcase name="addTask_addsTaskToCategory" classname="CategoryTest" time="0.023"/>
  <testcase name="find_findCategoryInDatabase_true" classname="CategoryTest" time="0.019"/>
  <testcase name="save_savesIntoDatabase_true" classname="CategoryTest" time="0.017"/>
  <system-out><![CDATA[]]></system-out>
  <system-err><![CDATA[]]></system-err>
</testsuite>
