<?xml version="1.0" encoding="UTF-8"?>
<testsuite name="AppTest" tests="5" skipped="0" failures="0" errors="0" timestamp="2015-08-31T22:30:40" hostname="epicodus-111.local" time="0.667">
  <properties/>
  <testcase name="categoriesListRenders" classname="AppTest" time="0.474"/>
  <testcase name="categoriesDisplaysList" classname="AppTest" time="0.058"/>
  <testcase name="rootTest" classname="AppTest" time="0.021"/>
  <testcase name="addTaskWorks" classname="AppTest" time="0.045"/>
  <testcase name="addTaskListRenders" classname="AppTest" time="0.035"/>
  <system-out><![CDATA[]]></system-out>
  <system-err><![CDATA[[Thread-4] INFO spark.webserver.SparkServer - == Spark has ignited ...
[Thread-4] INFO spark.webserver.SparkServer - >> Listening on 0.0.0.0:4567
[Thread-4] INFO org.eclipse.jetty.server.Server - jetty-9.0.2.v20130417
[Thread-4] INFO org.eclipse.jetty.server.ServerConnector - Started ServerConnector@517d4cc7{HTTP/1.1}{0.0.0.0:4567}
[Test worker] INFO spark.webserver.SparkServer - >>> Spark shutting down ...
[Test worker] INFO org.eclipse.jetty.server.Server - Graceful shutdown org.eclipse.jetty.server.Server@44a3b71f by 
[Test worker] INFO org.eclipse.jetty.server.ServerConnector - Stopped ServerConnector@517d4cc7{HTTP/1.1}{0.0.0.0:4567}
[Test worker] INFO spark.webserver.SparkServer - done
]]></system-err>
</testsuite>
