<?xml version="1.0" encoding="UTF-8"?>
<testsuite name="TaskTest" tests="8" skipped="0" failures="0" errors="0" timestamp="2015-08-31T17:59:07" hostname="epicodus-111.local" time="0.136">
  <properties/>
  <testcase name="equals_returnsTrueIfDescriptionsAretheSame" classname="TaskTest" time="0.006"/>
  <testcase name="addCategory_addsCategoryToTask" classname="TaskTest" time="0.025"/>
  <testcase name="save_savesObjectIntoDatabase" classname="TaskTest" time="0.012"/>
  <testcase name="delete_deletesAllTasksAndListsAssoicationes" classname="TaskTest" time="0.027"/>
  <testcase name="all_emptyAtFirst" classname="TaskTest" time="0.01"/>
  <testcase name="getCategories_returnsAllCategories_ArrayList" classname="TaskTest" time="0.026"/>
  <testcase name="save_assignsIdToObject" classname="TaskTest" time="0.014"/>
  <testcase name="find_findsTaskInDatabase_true" classname="TaskTest" time="0.013"/>
  <system-out><![CDATA[]]></system-out>
  <system-err><![CDATA[]]></system-err>
</testsuite>
