<?xml version="1.0" encoding="UTF-8"?>
<testsuite name="CategoryTest" tests="7" skipped="0" failures="0" errors="0" timestamp="2015-08-31T17:59:07" hostname="epicodus-111.local" time="0.233">
  <properties/>
  <testcase name="equals_returnsTrueIfNamesAretheSame" classname="CategoryTest" time="0.082"/>
  <testcase name="getTasks_returnsAllTasks_ArrayList" classname="CategoryTest" time="0.05"/>
  <testcase name="delete_deletesAllTasksAndListsAssoicationes" classname="CategoryTest" time="0.032"/>
  <testcase name="all_emptyAtFirst" classname="CategoryTest" time="0.012"/>
  <testcase name="addTask_addsTaskToCategory" classname="CategoryTest" time="0.025"/>
  <testcase name="find_findCategoryInDatabase_true" classname="CategoryTest" time="0.014"/>
  <testcase name="save_savesIntoDatabase_true" classname="CategoryTest" time="0.016"/>
  <system-out><![CDATA[]]></system-out>
  <system-err><![CDATA[]]></system-err>
</testsuite>
