<?xml version="1.0" encoding="UTF-8"?>
<testsuite name="TaskTest" tests="8" skipped="0" failures="0" errors="0" timestamp="2015-08-31T22:30:40" hostname="epicodus-111.local" time="0.166">
  <properties/>
  <testcase name="equals_returnsTrueIfDescriptionsAretheSame" classname="TaskTest" time="0.006"/>
  <testcase name="addCategory_addsCategoryToTask" classname="TaskTest" time="0.036"/>
  <testcase name="save_savesObjectIntoDatabase" classname="TaskTest" time="0.017"/>
  <testcase name="delete_deletesAllTasksAndListsAssoicationes" classname="TaskTest" time="0.039"/>
  <testcase name="all_emptyAtFirst" classname="TaskTest" time="0.012"/>
  <testcase name="getCategories_returnsAllCategories_ArrayList" classname="TaskTest" time="0.024"/>
  <testcase name="save_assignsIdToObject" classname="TaskTest" time="0.012"/>
  <testcase name="find_findsTaskInDatabase_true" classname="TaskTest" time="0.014"/>
  <system-out><![CDATA[]]></system-out>
  <system-err><![CDATA[]]></system-err>
</testsuite>
